0 info it worked if it ends with ok
1 verbose cli [ '/home/sergio/.nvm/versions/node/v6.14.3/bin/node',
1 verbose cli   '/home/sergio/.nvm/versions/node/v6.14.3/bin/npm',
1 verbose cli   'run',
1 verbose cli   'test' ]
2 info using npm@3.10.10
3 info using node@v6.14.3
4 verbose run-script [ 'pretest', 'test', 'posttest' ]
5 info lifecycle ridiculize@0.0.1~pretest: ridiculize@0.0.1
6 silly lifecycle ridiculize@0.0.1~pretest: no script for pretest, continuing
7 info lifecycle ridiculize@0.0.1~test: ridiculize@0.0.1
8 verbose lifecycle ridiculize@0.0.1~test: unsafe-perm in lifecycle true
9 verbose lifecycle ridiculize@0.0.1~test: PATH: /home/sergio/.nvm/versions/node/v6.14.3/lib/node_modules/npm/bin/node-gyp-bin:/home/sergio/code/ridiculize/node_modules/.bin:/home/sergio/.yarn/bin:/home/sergio/.config/yarn/global/node_modules/.bin:/home/sergio/.nvm/versions/node/v6.14.3/bin:/home/sergio/.cargo/bin:/home/sergio/.local/bin:/home/sergio/.cargo/bin:/home/sergio/.cargo/bin:/usr/share/Modules/bin:/usr/local/bin:/usr/local/sbin:/usr/bin:/usr/sbin:/home/sergio/bin:/var/lib/snapd/snap/bin:/home/sergio/bin:/home/sergio/.config/composer/vendor/bin
10 verbose lifecycle ridiculize@0.0.1~test: CWD: /home/sergio/code/ridiculize
11 silly lifecycle ridiculize@0.0.1~test: Args: [ '-c', 'jest' ]
12 silly lifecycle ridiculize@0.0.1~test: Returned: code: 1  signal: null
13 info lifecycle ridiculize@0.0.1~test: Failed to exec test script
14 verbose stack Error: ridiculize@0.0.1 test: `jest`
14 verbose stack Exit status 1
14 verbose stack     at EventEmitter.<anonymous> (/home/sergio/.nvm/versions/node/v6.14.3/lib/node_modules/npm/lib/utils/lifecycle.js:255:16)
14 verbose stack     at emitTwo (events.js:106:13)
14 verbose stack     at EventEmitter.emit (events.js:191:7)
14 verbose stack     at ChildProcess.<anonymous> (/home/sergio/.nvm/versions/node/v6.14.3/lib/node_modules/npm/lib/utils/spawn.js:40:14)
14 verbose stack     at emitTwo (events.js:106:13)
14 verbose stack     at ChildProcess.emit (events.js:191:7)
14 verbose stack     at maybeClose (internal/child_process.js:920:16)
14 verbose stack     at Process.ChildProcess._handle.onexit (internal/child_process.js:230:5)
15 verbose pkgid ridiculize@0.0.1
16 verbose cwd /home/sergio/code/ridiculize
17 error Linux 4.18.12-200.fc28.x86_64
18 error argv "/home/sergio/.nvm/versions/node/v6.14.3/bin/node" "/home/sergio/.nvm/versions/node/v6.14.3/bin/npm" "run" "test"
19 error node v6.14.3
20 error npm  v3.10.10
21 error code ELIFECYCLE
22 error ridiculize@0.0.1 test: `jest`
22 error Exit status 1
23 error Failed at the ridiculize@0.0.1 test script 'jest'.
23 error Make sure you have the latest version of node.js and npm installed.
23 error If you do, this is most likely a problem with the ridiculize package,
23 error not with npm itself.
23 error Tell the author that this fails on your system:
23 error     jest
23 error You can get information on how to open an issue for this project with:
23 error     npm bugs ridiculize
23 error Or if that isn't available, you can get their info via:
23 error     npm owner ls ridiculize
23 error There is likely additional logging output above.
24 verbose exit [ 1, true ]
